<?xml version="1.0" encoding="UTF-8"?>
<!-- Generated by org.testng.reporters.JUnitXMLReporter -->
<testsuite ignored="1" hostname="DESKTOP-4QG5HHP" failures="0" tests="4" name="Default test" time="4.062" errors="0" timestamp="2023-07-29T22:44:40 IST">
  <testcase classname="eCommerseAPIS.eCommerseAPIs" name="loginToApplication" time="2.885"/>
  <testcase classname="eCommerseAPIS.eCommerseAPIs" name="addProduct" time="0.37"/>
  <testcase classname="eCommerseAPIS.eCommerseAPIs" name="placeOrder" time="0.428"/>
  <testcase classname="eCommerseAPIS.eCommerseAPIs" name="getOrderDetails" time="0.332"/>
  <testcase classname="eCommerseAPIS.eCommerseAPIs" name="deleteProduct" time="0.0">
    <ignored/>
  </testcase> <!-- deleteProduct -->
</testsuite> <!-- Default test -->
