<?xml version="1.0" encoding="UTF-8"?>
<testng-results ignored="0" total="4" passed="4" failed="0" skipped="0">
  <reporter-output>
  </reporter-output>
  <suite started-at="2023-08-16T09:10:58 IST" name="Default suite" finished-at="2023-08-16T09:11:04 IST" duration-ms="5815">
    <groups>
    </groups>
    <test started-at="2023-08-16T09:10:58 IST" name="Default test" finished-at="2023-08-16T09:11:04 IST" duration-ms="5815">
      <class name="com.spotify.tests.PlaylistWithReusbaleCalls">
        <test-method signature="createPlaylist()[pri:1, instance:com.spotify.tests.PlaylistWithReusbaleCalls@3daa422a]" started-at="2023-08-16T09:10:58 IST" name="createPlaylist" finished-at="2023-08-16T09:11:02 IST" duration-ms="3575" status="PASS">
          <reporter-output>
          </reporter-output>
        </test-method> <!-- createPlaylist -->
        <test-method signature="getAPlaylist()[pri:2, instance:com.spotify.tests.PlaylistWithReusbaleCalls@3daa422a]" started-at="2023-08-16T09:11:02 IST" name="getAPlaylist" finished-at="2023-08-16T09:11:03 IST" duration-ms="879" status="PASS">
          <reporter-output>
          </reporter-output>
        </test-method> <!-- getAPlaylist -->
        <test-method signature="updateAPlaylist()[pri:3, instance:com.spotify.tests.PlaylistWithReusbaleCalls@3daa422a]" started-at="2023-08-16T09:11:03 IST" name="updateAPlaylist" finished-at="2023-08-16T09:11:04 IST" duration-ms="983" status="PASS">
          <reporter-output>
          </reporter-output>
        </test-method> <!-- updateAPlaylist -->
        <test-method signature="shouldNotbeAuthorized()[pri:4, instance:com.spotify.tests.PlaylistWithReusbaleCalls@3daa422a]" started-at="2023-08-16T09:11:04 IST" name="shouldNotbeAuthorized" finished-at="2023-08-16T09:11:04 IST" duration-ms="333" status="PASS">
          <reporter-output>
          </reporter-output>
        </test-method> <!-- shouldNotbeAuthorized -->
      </class> <!-- com.spotify.tests.PlaylistWithReusbaleCalls -->
    </test> <!-- Default test -->
  </suite> <!-- Default suite -->
</testng-results>
