<?xml version="1.0" encoding="UTF-8"?>
<testng-results ignored="1" total="5" passed="4" failed="0" skipped="0">
  <reporter-output>
  </reporter-output>
  <suite started-at="2023-07-29T22:44:36 IST" name="Default suite" finished-at="2023-07-29T22:44:40 IST" duration-ms="4062">
    <groups>
    </groups>
    <test started-at="2023-07-29T22:44:36 IST" name="Default test" finished-at="2023-07-29T22:44:40 IST" duration-ms="4062">
      <class name="eCommerseAPIS.eCommerseAPIs">
        <test-method signature="loginToApplication()[pri:1, instance:eCommerseAPIS.eCommerseAPIs@31c88ec8]" started-at="2023-07-29T22:44:36 IST" name="loginToApplication" finished-at="2023-07-29T22:44:39 IST" duration-ms="2885" status="PASS">
          <reporter-output>
          </reporter-output>
        </test-method> <!-- loginToApplication -->
        <test-method signature="addProduct()[pri:2, instance:eCommerseAPIS.eCommerseAPIs@31c88ec8]" started-at="2023-07-29T22:44:39 IST" name="addProduct" finished-at="2023-07-29T22:44:40 IST" duration-ms="370" status="PASS">
          <reporter-output>
          </reporter-output>
        </test-method> <!-- addProduct -->
        <test-method signature="placeOrder()[pri:3, instance:eCommerseAPIS.eCommerseAPIs@31c88ec8]" started-at="2023-07-29T22:44:40 IST" name="placeOrder" finished-at="2023-07-29T22:44:40 IST" duration-ms="428" status="PASS">
          <reporter-output>
          </reporter-output>
        </test-method> <!-- placeOrder -->
        <test-method signature="getOrderDetails()[pri:4, instance:eCommerseAPIS.eCommerseAPIs@31c88ec8]" started-at="2023-07-29T22:44:40 IST" name="getOrderDetails" finished-at="2023-07-29T22:44:40 IST" duration-ms="332" status="PASS">
          <reporter-output>
          </reporter-output>
        </test-method> <!-- getOrderDetails -->
      </class> <!-- eCommerseAPIS.eCommerseAPIs -->
    </test> <!-- Default test -->
  </suite> <!-- Default suite -->
</testng-results>
